2023.09.29 16:43:29 INFO  Started: Metals version 1.0.1 in folders '/Users/olakunlekuye/Documents/Dev/hmrc/oecd/life/demo/pillar2-frontend' for client Visual Studio Code 1.82.1.[0m
Sep 29, 2023 4:43:29 PM org.flywaydb.core.internal.license.VersionPrinter printVersionOnly
INFO: Flyway Community Edition 9.21.2 by Redgate
Sep 29, 2023 4:43:29 PM org.flywaydb.core.internal.license.VersionPrinter printVersion
INFO: See release notes here: https://rd.gt/416ObMi
Sep 29, 2023 4:43:29 PM org.flywaydb.core.internal.license.VersionPrinter printVersion
INFO: 
Sep 29, 2023 4:43:29 PM org.flywaydb.core.FlywayExecutor execute
INFO: Database: jdbc:h2:file:/Users/olakunlekuye/Documents/Dev/hmrc/oecd/life/demo/pillar2-frontend/.metals/metals (H2 2.1)
Sep 29, 2023 4:43:29 PM org.flywaydb.core.internal.schemahistory.JdbcTableSchemaHistory allAppliedMigrations
INFO: Schema history table "PUBLIC"."flyway_schema_history" does not exist yet
Sep 29, 2023 4:43:29 PM org.flywaydb.core.internal.command.DbValidate validate
INFO: Successfully validated 4 migrations (execution time 00:00.007s)
Sep 29, 2023 4:43:29 PM org.flywaydb.core.internal.schemahistory.JdbcTableSchemaHistory create
INFO: Creating Schema History table "PUBLIC"."flyway_schema_history" ...
Sep 29, 2023 4:43:29 PM org.flywaydb.core.internal.command.DbMigrate migrateGroup
INFO: Current version of schema "PUBLIC": << Empty Schema >>
Sep 29, 2023 4:43:29 PM org.flywaydb.core.internal.command.DbMigrate doMigrateGroup
INFO: Migrating schema "PUBLIC" to version "1 - Create tables"
Sep 29, 2023 4:43:29 PM org.flywaydb.core.internal.command.DbMigrate doMigrateGroup
INFO: Migrating schema "PUBLIC" to version "2 - Server discovery"
Sep 29, 2023 4:43:29 PM org.flywaydb.core.internal.command.DbMigrate doMigrateGroup
INFO: Migrating schema "PUBLIC" to version "3 - Jar symbols"
Sep 29, 2023 4:43:29 PM org.flywaydb.core.internal.command.DbMigrate doMigrateGroup
INFO: Migrating schema "PUBLIC" to version "4 - Fingerprints"
Sep 29, 2023 4:43:29 PM org.flywaydb.core.internal.command.DbMigrate logSummary
INFO: Successfully applied 4 migrations to schema "PUBLIC", now at version v4 (execution time 00:00.007s)
2023.09.29 16:43:29 INFO  time: initialize in 0.29s[0m
2023.09.29 16:43:29 WARN  Build server is not auto-connectable.[0m
Default dialect is deprecated; use explicit: [Scala211,scala212,Scala212Source3,scala213,Scala213Source3,Sbt0137,Sbt1,scala3]
Also see https://scalameta.org/scalafmt/docs/configuration.html#scala-dialects"
